2024-05-20 15:15:26,617 INFO  [restartedMain] com.adem.GreenrentApplication:Starting GreenrentApplication using Java 17.0.10 with PID 18395 (/Users/katiehulagu/Documents/workspace-spring-tool-suite-4-4.20.1.RELEASE/greenrent/target/classes started by katiehulagu in /Users/katiehulagu/Documents/workspace-spring-tool-suite-4-4.20.1.RELEASE/greenrent)
2024-05-20 15:15:26,627 INFO  [restartedMain] com.adem.GreenrentApplication:No active profile set, falling back to 1 default profile: "default"
2024-05-20 15:15:26,794 INFO  [restartedMain] org.springframework.boot.devtools.env.DevToolsPropertyDefaultsPostProcessor:Devtools property defaults active! Set 'spring.devtools.add-properties' to 'false' to disable
2024-05-20 15:15:26,795 INFO  [restartedMain] org.springframework.boot.devtools.env.DevToolsPropertyDefaultsPostProcessor:For additional web related logging consider setting the 'logging.level.web' property to 'DEBUG'
2024-05-20 15:15:29,938 INFO  [restartedMain] org.springframework.data.repository.config.RepositoryConfigurationDelegate:Bootstrapping Spring Data JPA repositories in DEFAULT mode.
2024-05-20 15:15:30,175 INFO  [restartedMain] org.springframework.data.repository.config.RepositoryConfigurationDelegate:Finished Spring Data repository scanning in 206 ms. Found 2 JPA repository interfaces.
2024-05-20 15:15:33,111 INFO  [restartedMain] org.springframework.boot.web.embedded.tomcat.TomcatWebServer:Tomcat initialized with port 8080 (http)
2024-05-20 15:15:33,241 INFO  [restartedMain] org.apache.catalina.core.StandardService:Starting service [Tomcat]
2024-05-20 15:15:33,244 INFO  [restartedMain] org.apache.catalina.core.StandardEngine:Starting Servlet engine: [Apache Tomcat/10.1.20]
2024-05-20 15:15:33,492 INFO  [restartedMain] org.apache.catalina.core.ContainerBase.[Tomcat].[localhost].[/]:Initializing Spring embedded WebApplicationContext
2024-05-20 15:15:33,493 INFO  [restartedMain] org.springframework.boot.web.servlet.context.ServletWebServerApplicationContext:Root WebApplicationContext: initialization completed in 6697 ms
2024-05-20 15:15:34,894 INFO  [restartedMain] org.hibernate.jpa.internal.util.LogHelper:HHH000204: Processing PersistenceUnitInfo [name: default]
2024-05-20 15:15:35,119 INFO  [restartedMain] org.hibernate.Version:HHH000412: Hibernate ORM core version 6.4.4.Final
2024-05-20 15:15:35,230 INFO  [restartedMain] org.hibernate.cache.internal.RegionFactoryInitiator:HHH000026: Second-level cache disabled
2024-05-20 15:15:35,816 INFO  [restartedMain] org.springframework.orm.jpa.persistenceunit.SpringPersistenceUnitInfo:No LoadTimeWeaver setup: ignoring JPA class transformer
2024-05-20 15:15:35,881 INFO  [restartedMain] com.zaxxer.hikari.HikariDataSource:HikariPool-1 - Starting...
2024-05-20 15:15:36,681 INFO  [restartedMain] com.zaxxer.hikari.pool.HikariPool:HikariPool-1 - Added connection org.postgresql.jdbc.PgConnection@7f1cbfeb
2024-05-20 15:15:36,698 INFO  [restartedMain] com.zaxxer.hikari.HikariDataSource:HikariPool-1 - Start completed.
2024-05-20 15:15:36,960 WARN  [restartedMain] org.hibernate.orm.deprecation:HHH90000025: PostgreSQLDialect does not need to be specified explicitly using 'hibernate.dialect' (remove the property setting and it will be selected by default)
2024-05-20 15:15:40,701 INFO  [restartedMain] org.hibernate.engine.transaction.jta.platform.internal.JtaPlatformInitiator:HHH000489: No JTA platform available (set 'hibernate.transaction.jta.platform' to enable JTA platform integration)
2024-05-20 15:15:41,121 INFO  [restartedMain] org.springframework.orm.jpa.LocalContainerEntityManagerFactoryBean:Initialized JPA EntityManagerFactory for persistence unit 'default'
2024-05-20 15:15:42,737 WARN  [restartedMain] org.springframework.boot.autoconfigure.orm.jpa.JpaBaseConfiguration$JpaWebConfiguration:spring.jpa.open-in-view is enabled by default. Therefore, database queries may be performed during view rendering. Explicitly configure spring.jpa.open-in-view to disable this warning
2024-05-20 15:15:46,159 INFO  [restartedMain] org.springframework.boot.actuate.endpoint.web.EndpointLinksResolver:Exposing 1 endpoint(s) beneath base path '/actuator'
2024-05-20 15:15:46,739 INFO  [restartedMain] org.springframework.security.web.DefaultSecurityFilterChain:Will secure any request with [org.springframework.security.web.session.DisableEncodeUrlFilter@63317571, org.springframework.security.web.context.request.async.WebAsyncManagerIntegrationFilter@7448dff, org.springframework.security.web.context.SecurityContextHolderFilter@49f234fb, org.springframework.security.web.header.HeaderWriterFilter@272cad7d, org.springframework.web.filter.CorsFilter@53090190, org.springframework.security.web.authentication.logout.LogoutFilter@913feae, com.adem.security.jwt.AuthTokenFilter@74e9afad, org.springframework.security.web.savedrequest.RequestCacheAwareFilter@46dc1d6f, org.springframework.security.web.servletapi.SecurityContextHolderAwareRequestFilter@3b0c8aff, org.springframework.security.web.authentication.AnonymousAuthenticationFilter@43be2f82, org.springframework.security.web.session.SessionManagementFilter@5d75e2e5, org.springframework.security.web.access.ExceptionTranslationFilter@294c2d64, org.springframework.security.web.access.intercept.AuthorizationFilter@50ace254]
2024-05-20 15:15:49,191 INFO  [restartedMain] org.springframework.boot.devtools.autoconfigure.OptionalLiveReloadServer:LiveReload server is running on port 35729
2024-05-20 15:15:49,485 INFO  [restartedMain] org.springframework.boot.web.embedded.tomcat.TomcatWebServer:Tomcat started on port 8080 (http) with context path ''
2024-05-20 15:15:49,538 INFO  [restartedMain] com.adem.GreenrentApplication:Started GreenrentApplication in 24.018 seconds (process running for 26.509)
2024-05-20 15:15:51,119 INFO  [RMI TCP Connection(3)-127.0.0.1] org.apache.catalina.core.ContainerBase.[Tomcat].[localhost].[/]:Initializing Spring DispatcherServlet 'dispatcherServlet'
2024-05-20 15:16:21,223 INFO  [File Watcher] org.springframework.boot.devtools.autoconfigure.LocalDevToolsAutoConfiguration$RestartingClassPathChangeChangedEventListener:Restarting due to 1 class path change (0 additions, 0 deletions, 1 modification)
2024-05-20 15:16:21,299 INFO  [Thread-5] org.springframework.orm.jpa.LocalContainerEntityManagerFactoryBean:Closing JPA EntityManagerFactory for persistence unit 'default'
2024-05-20 15:16:21,314 INFO  [Thread-5] com.zaxxer.hikari.HikariDataSource:HikariPool-1 - Shutdown initiated...
2024-05-20 15:16:21,320 INFO  [Thread-5] com.zaxxer.hikari.HikariDataSource:HikariPool-1 - Shutdown completed.
2024-05-20 15:16:21,690 INFO  [restartedMain] com.adem.GreenrentApplication:Starting GreenrentApplication using Java 17.0.10 with PID 18395 (/Users/katiehulagu/Documents/workspace-spring-tool-suite-4-4.20.1.RELEASE/greenrent/target/classes started by katiehulagu in /Users/katiehulagu/Documents/workspace-spring-tool-suite-4-4.20.1.RELEASE/greenrent)
2024-05-20 15:16:21,690 INFO  [restartedMain] com.adem.GreenrentApplication:No active profile set, falling back to 1 default profile: "default"
2024-05-20 15:16:24,523 INFO  [restartedMain] org.springframework.data.repository.config.RepositoryConfigurationDelegate:Bootstrapping Spring Data JPA repositories in DEFAULT mode.
2024-05-20 15:16:24,630 INFO  [restartedMain] org.springframework.data.repository.config.RepositoryConfigurationDelegate:Finished Spring Data repository scanning in 107 ms. Found 2 JPA repository interfaces.
2024-05-20 15:16:27,462 INFO  [restartedMain] org.springframework.boot.web.embedded.tomcat.TomcatWebServer:Tomcat initialized with port 8080 (http)
2024-05-20 15:16:27,480 INFO  [restartedMain] org.apache.catalina.core.StandardService:Starting service [Tomcat]
2024-05-20 15:16:27,534 INFO  [restartedMain] org.apache.catalina.core.StandardEngine:Starting Servlet engine: [Apache Tomcat/10.1.20]
2024-05-20 15:16:27,864 INFO  [restartedMain] org.apache.catalina.core.ContainerBase.[Tomcat].[localhost].[/]:Initializing Spring embedded WebApplicationContext
2024-05-20 15:16:27,867 INFO  [restartedMain] org.springframework.boot.web.servlet.context.ServletWebServerApplicationContext:Root WebApplicationContext: initialization completed in 6155 ms
2024-05-20 15:16:28,934 INFO  [restartedMain] org.hibernate.jpa.internal.util.LogHelper:HHH000204: Processing PersistenceUnitInfo [name: default]
2024-05-20 15:16:28,942 INFO  [restartedMain] org.hibernate.cache.internal.RegionFactoryInitiator:HHH000026: Second-level cache disabled
2024-05-20 15:16:28,958 INFO  [restartedMain] org.springframework.orm.jpa.persistenceunit.SpringPersistenceUnitInfo:No LoadTimeWeaver setup: ignoring JPA class transformer
2024-05-20 15:16:28,962 INFO  [restartedMain] com.zaxxer.hikari.HikariDataSource:HikariPool-2 - Starting...
2024-05-20 15:16:29,614 INFO  [restartedMain] com.zaxxer.hikari.pool.HikariPool:HikariPool-2 - Added connection org.postgresql.jdbc.PgConnection@24bc1b13
2024-05-20 15:16:29,617 INFO  [restartedMain] com.zaxxer.hikari.HikariDataSource:HikariPool-2 - Start completed.
2024-05-20 15:16:29,631 WARN  [restartedMain] org.hibernate.orm.deprecation:HHH90000025: PostgreSQLDialect does not need to be specified explicitly using 'hibernate.dialect' (remove the property setting and it will be selected by default)
2024-05-20 15:16:30,073 INFO  [restartedMain] org.hibernate.engine.transaction.jta.platform.internal.JtaPlatformInitiator:HHH000489: No JTA platform available (set 'hibernate.transaction.jta.platform' to enable JTA platform integration)
2024-05-20 15:16:31,005 INFO  [restartedMain] org.springframework.orm.jpa.LocalContainerEntityManagerFactoryBean:Initialized JPA EntityManagerFactory for persistence unit 'default'
2024-05-20 15:16:32,493 WARN  [restartedMain] org.springframework.boot.autoconfigure.orm.jpa.JpaBaseConfiguration$JpaWebConfiguration:spring.jpa.open-in-view is enabled by default. Therefore, database queries may be performed during view rendering. Explicitly configure spring.jpa.open-in-view to disable this warning
2024-05-20 15:16:35,359 INFO  [restartedMain] org.springframework.boot.actuate.endpoint.web.EndpointLinksResolver:Exposing 1 endpoint(s) beneath base path '/actuator'
2024-05-20 15:16:35,870 INFO  [restartedMain] org.springframework.security.web.DefaultSecurityFilterChain:Will secure any request with [org.springframework.security.web.session.DisableEncodeUrlFilter@131c69a7, org.springframework.security.web.context.request.async.WebAsyncManagerIntegrationFilter@477fc7ab, org.springframework.security.web.context.SecurityContextHolderFilter@249b8676, org.springframework.security.web.header.HeaderWriterFilter@7fcf1bb5, org.springframework.web.filter.CorsFilter@13822bed, org.springframework.security.web.authentication.logout.LogoutFilter@7752662b, com.adem.security.jwt.AuthTokenFilter@1b88db4d, org.springframework.security.web.savedrequest.RequestCacheAwareFilter@1e38c4d7, org.springframework.security.web.servletapi.SecurityContextHolderAwareRequestFilter@565bd8e0, org.springframework.security.web.authentication.AnonymousAuthenticationFilter@635415e2, org.springframework.security.web.session.SessionManagementFilter@5f3a923, org.springframework.security.web.access.ExceptionTranslationFilter@8567000, org.springframework.security.web.access.intercept.AuthorizationFilter@316cbb74]
2024-05-20 15:16:37,510 INFO  [restartedMain] org.springframework.boot.devtools.autoconfigure.OptionalLiveReloadServer:LiveReload server is running on port 35729
2024-05-20 15:16:37,673 INFO  [restartedMain] org.springframework.boot.web.embedded.tomcat.TomcatWebServer:Tomcat started on port 8080 (http) with context path ''
2024-05-20 15:16:37,707 INFO  [restartedMain] com.adem.GreenrentApplication:Started GreenrentApplication in 16.13 seconds (process running for 74.677)
2024-05-20 15:16:37,715 INFO  [restartedMain] org.springframework.boot.devtools.autoconfigure.ConditionEvaluationDeltaLoggingListener:Condition evaluation unchanged
2024-05-20 15:19:50,553 INFO  [http-nio-8080-exec-1] org.apache.catalina.core.ContainerBase.[Tomcat].[localhost].[/]:Initializing Spring DispatcherServlet 'dispatcherServlet'
2024-05-20 15:21:05,878 WARN  [http-nio-8080-exec-4] org.springframework.web.servlet.PageNotFound:Request method 'GET' is not supported
2024-05-20 15:21:05,937 WARN  [http-nio-8080-exec-4] org.springframework.web.servlet.mvc.method.annotation.ExceptionHandlerExceptionResolver:Resolved [org.springframework.web.HttpRequestMethodNotSupportedException: Request method 'GET' is not supported]
